2017-03-08 16:07:10 [WARN] insert_reserve > insert into reserve_info(unique_key,reserve_startdate,reserve_enddate,reserve_status,reserve_amount,reserve_charge,reserve_tax,reserve_net,reserve_comment,adults,children,night,acc_code  ,email ,title_name,first_name,last_name,prefix,mobile ,payment_type,payment_number,payment_holder,payment_expire,payment_secure,create_date ) values('WquUT5qz3YdYk2050RpA','2017-03-09','2017-03-09','0','0','0','0'   ,'0','-',3,1,1,'AC02'   ,'test@hello','Mr.','test','hello','66+','08873374521'  ,'visa','5043876830294387','test hello','04/2021','465',now()); 
2017-03-08 16:07:10 [WARN] insert_rooms > insert into reserve_rooms(unique_key,room_key,room_price)values('WquUT5qz3YdYk2050RpA','20170308130361','2803.73'); 
2017-03-08 16:07:11 [WARN] insert_options > insert into reserve_options(unique_key,option_key,option_price)values('WquUT5qz3YdYk2050RpA','opt2','3700'); 
2017-03-08 16:24:14 [WARN] get_reserve_rooms > select * from reserve_rooms where unique_key='WquUT5qz3YdYk2050RpA'  
2017-03-08 16:24:14 [WARN] get_reserve_options > select * from reserve_options where unique_key='WquUT5qz3YdYk2050RpA' 
2017-03-08 16:48:54 [WARN] get_reserve_rooms > select rr.unique_key,r.* from reserve_rooms rr inner join rooms r on rr.room_key = r.id rwhere unique_key='WquUT5qz3YdYk2050RpA'  
2017-03-08 16:49:09 [WARN] get_reserve_rooms > select rr.unique_key,r.* from reserve_rooms rr inner join rooms r on rr.room_key = r.id where unique_key='WquUT5qz3YdYk2050RpA'  
2017-03-08 16:49:09 [WARN] get_reserve_options > select r.unique_key,o.* from reserve_options r inner join service_options o on r.option_key = o.id where unique_key='WquUT5qz3YdYk2050RpA' 
2017-03-08 16:50:27 [WARN] get_reserve_rooms > select rr.unique_key,r.* from reserve_rooms rr inner join rooms r on rr.room_key = r.id where unique_key='WquUT5qz3YdYk2050RpA'  
2017-03-08 16:50:27 [WARN] get_reserve_options > select r.unique_key,o.* from reserve_options r inner join service_options o on r.option_key = o.id where unique_key='WquUT5qz3YdYk2050RpA' 
2017-03-08 16:50:45 [WARN] get_reserve_rooms > select rr.unique_key,r.* from reserve_rooms rr inner join rooms r on rr.room_key = r.id where unique_key='WquUT5qz3YdYk2050RpA'  
2017-03-08 16:50:45 [WARN] get_reserve_options > select r.unique_key,o.* from reserve_options r inner join service_options o on r.option_key = o.id where unique_key='WquUT5qz3YdYk2050RpA' 
2017-03-08 16:54:41 [WARN] get_reserve_rooms > select rr.unique_key,r.* from reserve_rooms rr inner join rooms r on rr.room_key = r.id where unique_key='WquUT5qz3YdYk2050RpA'  
2017-03-08 16:54:41 [WARN] get_reserve_options > select r.unique_key,o.* from reserve_options r inner join service_options o on r.option_key = o.id where unique_key='WquUT5qz3YdYk2050RpA' 
2017-03-08 16:55:26 [WARN] get_reserve_rooms > select rr.unique_key,r.* from reserve_rooms rr inner join rooms r on rr.room_key = r.id where unique_key='WquUT5qz3YdYk2050RpA'  
2017-03-08 16:55:26 [WARN] get_reserve_options > select r.unique_key,o.* from reserve_options r inner join service_options o on r.option_key = o.id where unique_key='WquUT5qz3YdYk2050RpA' 
2017-03-08 16:59:47 [WARN] get_reserve_rooms > select rr.unique_key,r.* from reserve_rooms rr inner join rooms r on rr.room_key = r.id where unique_key='WquUT5qz3YdYk2050RpA'  
2017-03-08 16:59:47 [WARN] get_reserve_options > select r.unique_key,o.* from reserve_options r inner join service_options o on r.option_key = o.id where unique_key='WquUT5qz3YdYk2050RpA' 
2017-03-08 17:00:01 [WARN] get_reserve_rooms > select rr.unique_key,r.* from reserve_rooms rr inner join rooms r on rr.room_key = r.id where unique_key='WquUT5qz3YdYk2050RpA'  
2017-03-08 17:00:01 [WARN] get_reserve_options > select r.unique_key,o.* from reserve_options r inner join service_options o on r.option_key = o.id where unique_key='WquUT5qz3YdYk2050RpA' 
2017-03-08 17:00:12 [WARN] get_reserve_rooms > select rr.unique_key,r.* from reserve_rooms rr inner join rooms r on rr.room_key = r.id where unique_key='WquUT5qz3YdYk2050RpA'  
2017-03-08 17:00:12 [WARN] get_reserve_options > select r.unique_key,o.* from reserve_options r inner join service_options o on r.option_key = o.id where unique_key='WquUT5qz3YdYk2050RpA' 
2017-03-08 17:00:49 [WARN] get_reserve_rooms > select rr.unique_key,r.* from reserve_rooms rr inner join rooms r on rr.room_key = r.id where unique_key='WquUT5qz3YdYk2050RpA'  
2017-03-08 17:00:49 [WARN] get_reserve_options > select r.unique_key,o.* from reserve_options r inner join service_options o on r.option_key = o.id where unique_key='WquUT5qz3YdYk2050RpA' 
2017-03-08 17:01:08 [WARN] get_reserve_rooms > select rr.unique_key,r.* from reserve_rooms rr inner join rooms r on rr.room_key = r.id where unique_key='WquUT5qz3YdYk2050RpA'  
2017-03-08 17:01:08 [WARN] get_reserve_options > select r.unique_key,o.* from reserve_options r inner join service_options o on r.option_key = o.id where unique_key='WquUT5qz3YdYk2050RpA' 
2017-03-08 17:05:29 [WARN] get_reserve_rooms > select rr.unique_key,r.* from reserve_rooms rr inner join rooms r on rr.room_key = r.id where unique_key='WquUT5qz3YdYk2050RpA'  
2017-03-08 17:05:29 [WARN] get_reserve_options > select r.unique_key,o.* from reserve_options r inner join service_options o on r.option_key = o.id where unique_key='WquUT5qz3YdYk2050RpA' 
2017-03-08 17:05:49 [WARN] get_reserve_rooms > select rr.unique_key,r.* from reserve_rooms rr inner join rooms r on rr.room_key = r.id where unique_key='WquUT5qz3YdYk2050RpA'  
2017-03-08 17:05:49 [WARN] get_reserve_options > select r.unique_key,o.* from reserve_options r inner join service_options o on r.option_key = o.id where unique_key='WquUT5qz3YdYk2050RpA' 
2017-03-08 17:06:00 [WARN] get_reserve_rooms > select rr.unique_key,r.* from reserve_rooms rr inner join rooms r on rr.room_key = r.id where unique_key='WquUT5qz3YdYk2050RpA'  
2017-03-08 17:06:01 [WARN] get_reserve_options > select r.unique_key,o.* from reserve_options r inner join service_options o on r.option_key = o.id where unique_key='WquUT5qz3YdYk2050RpA' 
2017-03-08 17:06:28 [WARN] get_reserve_rooms > select rr.unique_key,r.* from reserve_rooms rr inner join rooms r on rr.room_key = r.id where unique_key='WquUT5qz3YdYk2050RpA'  
2017-03-08 17:06:28 [WARN] get_reserve_options > select r.unique_key,o.* from reserve_options r inner join service_options o on r.option_key = o.id where unique_key='WquUT5qz3YdYk2050RpA' 
2017-03-08 17:06:35 [WARN] get_reserve_rooms > select rr.unique_key,r.* from reserve_rooms rr inner join rooms r on rr.room_key = r.id where unique_key='WquUT5qz3YdYk2050RpA'  
2017-03-08 17:06:35 [WARN] get_reserve_options > select r.unique_key,o.* from reserve_options r inner join service_options o on r.option_key = o.id where unique_key='WquUT5qz3YdYk2050RpA' 
2017-03-08 17:07:13 [WARN] get_reserve_rooms > select rr.unique_key,r.* from reserve_rooms rr inner join rooms r on rr.room_key = r.id where unique_key='WquUT5qz3YdYk2050RpA'  
2017-03-08 17:07:13 [WARN] get_reserve_options > select r.unique_key,o.* from reserve_options r inner join service_options o on r.option_key = o.id where unique_key='WquUT5qz3YdYk2050RpA' 
2017-03-08 17:07:55 [WARN] get_reserve_rooms > select rr.unique_key,r.* from reserve_rooms rr inner join rooms r on rr.room_key = r.id where unique_key='WquUT5qz3YdYk2050RpA'  
2017-03-08 17:07:55 [WARN] get_reserve_options > select r.unique_key,o.* from reserve_options r inner join service_options o on r.option_key = o.id where unique_key='WquUT5qz3YdYk2050RpA' 
2017-03-08 17:09:02 [WARN] get_reserve_rooms > select rr.unique_key,r.* from reserve_rooms rr inner join rooms r on rr.room_key = r.id where unique_key='WquUT5qz3YdYk2050RpA'  
2017-03-08 17:09:02 [WARN] get_reserve_options > select r.unique_key,o.* from reserve_options r inner join service_options o on r.option_key = o.id where unique_key='WquUT5qz3YdYk2050RpA' 
2017-03-08 17:59:55 [WARN] insert_reserve > insert into reserve_info(unique_key,reserve_startdate,reserve_enddate,reserve_status,reserve_amount,reserve_charge,reserve_tax,reserve_net,reserve_comment,adults,children,night,acc_code  ,email ,title_name,first_name,last_name,prefix,mobile ,payment_type,payment_number,payment_holder,payment_expire,payment_secure,create_date ) values('MJaGSwGU82sDWrvdZ69A','2017-03-08','2017-03-08','0','6588.7','197.661','461.209'   ,'7247.57','hello world',2,1,2,'AC03'   ,'test2@hotmail','Ms.','test2','hotmail','66+','0998876573'  ,'mastercard','8897563820194876','test2 hotmail','07/2020','976',now()); 
2017-03-08 17:59:55 [WARN] insert_rooms > insert into reserve_rooms(unique_key,room_key,room_price)values('MJaGSwGU82sDWrvdZ69A','20170308170365','2888.70'); 
2017-03-08 17:59:56 [WARN] get_reserve_rooms > select rr.unique_key,r.* from reserve_rooms rr inner join rooms r on rr.room_key = r.id where unique_key='MJaGSwGU82sDWrvdZ69A'  
2017-03-08 17:59:56 [WARN] get_reserve_options > select r.unique_key,o.* from reserve_options r inner join service_options o on r.option_key = o.id where unique_key='MJaGSwGU82sDWrvdZ69A' 
2017-03-08 18:04:43 [WARN] insert_reserve > insert into reserve_info(unique_key,reserve_startdate,reserve_enddate,reserve_status,reserve_amount,reserve_charge,reserve_tax,reserve_net,reserve_comment,adults,children,night,acc_code  ,email ,title_name,first_name,last_name,prefix,mobile ,payment_type,payment_number,payment_holder,payment_expire,payment_secure,create_date ) values('Om7oRgqVizXuWvgbIwqG','2017-03-09','2017-03-09','0','7098.47','212.9541','496.8929'   ,'7808.317','testing hello okey',1,2,1,''   ,'helo@hotmail.com','','helo','oleh','66+','0887658493'  ,'debit','471348965749203','helo  oleh','04/2021','839',now()); 
2017-03-08 18:04:43 [WARN] insert_rooms > insert into reserve_rooms(unique_key,room_key,room_price)values('Om7oRgqVizXuWvgbIwqG','20170308180301','3398.47'); 
2017-03-08 18:04:43 [WARN] insert_options > insert into reserve_options(unique_key,option_key,option_price)values('Om7oRgqVizXuWvgbIwqG','2','3700'); 
2017-03-08 18:04:44 [WARN] get_reserve_rooms > select rr.unique_key,r.* from reserve_rooms rr inner join rooms r on rr.room_key = r.id where unique_key='Om7oRgqVizXuWvgbIwqG'  
2017-03-08 18:04:44 [WARN] get_reserve_options > select r.unique_key,o.* from reserve_options r inner join service_options o on r.option_key = o.id where unique_key='Om7oRgqVizXuWvgbIwqG' 
2017-03-08 21:21:01 [WARN] get_reserve_rooms > select rr.unique_key,r.* from reserve_rooms rr inner join rooms r on rr.room_key = r.id where unique_key=''  
2017-03-08 21:21:01 [WARN] get_reserve_options > select r.unique_key,o.* from reserve_options r inner join service_options o on r.option_key = o.id where unique_key='' 
2017-03-08 21:23:25 [WARN] get_reserve_rooms > select rr.unique_key,r.* from reserve_rooms rr inner join rooms r on rr.room_key = r.id where unique_key=''  
2017-03-08 21:23:25 [WARN] get_reserve_options > select r.unique_key,o.* from reserve_options r inner join service_options o on r.option_key = o.id where unique_key='' 
2017-03-08 21:24:49 [WARN] get_reserve_rooms > select rr.unique_key,r.* from reserve_rooms rr inner join rooms r on rr.room_key = r.id where unique_key=''  
2017-03-08 21:24:49 [WARN] get_reserve_options > select r.unique_key,o.* from reserve_options r inner join service_options o on r.option_key = o.id where unique_key='' 
2017-03-08 21:25:06 [WARN] get_reserve_rooms > select rr.unique_key,r.* from reserve_rooms rr inner join rooms r on rr.room_key = r.id where unique_key=''  
2017-03-08 21:25:06 [WARN] get_reserve_options > select r.unique_key,o.* from reserve_options r inner join service_options o on r.option_key = o.id where unique_key='' 
2017-03-08 21:25:31 [WARN] get_reserve_rooms > select rr.unique_key,r.* from reserve_rooms rr inner join rooms r on rr.room_key = r.id where unique_key=''  
2017-03-08 21:25:31 [WARN] get_reserve_options > select r.unique_key,o.* from reserve_options r inner join service_options o on r.option_key = o.id where unique_key='' 
2017-03-08 21:25:34 [WARN] get_reserve_rooms > select rr.unique_key,r.* from reserve_rooms rr inner join rooms r on rr.room_key = r.id where unique_key=''  
2017-03-08 21:25:34 [WARN] get_reserve_options > select r.unique_key,o.* from reserve_options r inner join service_options o on r.option_key = o.id where unique_key='' 
2017-03-08 21:25:44 [WARN] get_reserve_rooms > select rr.unique_key,r.* from reserve_rooms rr inner join rooms r on rr.room_key = r.id where unique_key=''  
2017-03-08 21:25:44 [WARN] get_reserve_options > select r.unique_key,o.* from reserve_options r inner join service_options o on r.option_key = o.id where unique_key='' 
2017-03-08 21:25:46 [WARN] get_reserve_rooms > select rr.unique_key,r.* from reserve_rooms rr inner join rooms r on rr.room_key = r.id where unique_key=''  
2017-03-08 21:25:46 [WARN] get_reserve_options > select r.unique_key,o.* from reserve_options r inner join service_options o on r.option_key = o.id where unique_key='' 
2017-03-08 21:27:16 [WARN] get_reserve_rooms > select rr.unique_key,r.* from reserve_rooms rr inner join rooms r on rr.room_key = r.id where unique_key=''  
2017-03-08 21:27:16 [WARN] get_reserve_options > select r.unique_key,o.* from reserve_options r inner join service_options o on r.option_key = o.id where unique_key='' 
2017-03-08 21:27:21 [WARN] get_reserve_rooms > select rr.unique_key,r.* from reserve_rooms rr inner join rooms r on rr.room_key = r.id where unique_key=''  
2017-03-08 21:27:21 [WARN] get_reserve_options > select r.unique_key,o.* from reserve_options r inner join service_options o on r.option_key = o.id where unique_key='' 
2017-03-08 21:27:39 [WARN] get_reserve_rooms > select rr.unique_key,r.* from reserve_rooms rr inner join rooms r on rr.room_key = r.id where unique_key=''  
2017-03-08 21:27:39 [WARN] get_reserve_options > select r.unique_key,o.* from reserve_options r inner join service_options o on r.option_key = o.id where unique_key='' 
2017-03-08 21:27:58 [WARN] get_reserve_rooms > select rr.unique_key,r.* from reserve_rooms rr inner join rooms r on rr.room_key = r.id where unique_key=''  
2017-03-08 21:27:58 [WARN] get_reserve_options > select r.unique_key,o.* from reserve_options r inner join service_options o on r.option_key = o.id where unique_key='' 
2017-03-08 21:28:13 [WARN] get_reserve_rooms > select rr.unique_key,r.* from reserve_rooms rr inner join rooms r on rr.room_key = r.id where unique_key=''  
2017-03-08 21:28:13 [WARN] get_reserve_options > select r.unique_key,o.* from reserve_options r inner join service_options o on r.option_key = o.id where unique_key='' 
2017-03-08 21:29:24 [WARN] get_reserve_rooms > select rr.unique_key,r.* from reserve_rooms rr inner join rooms r on rr.room_key = r.id where unique_key=''  
2017-03-08 21:29:24 [WARN] get_reserve_options > select r.unique_key,o.* from reserve_options r inner join service_options o on r.option_key = o.id where unique_key='' 
2017-03-08 21:30:04 [WARN] get_reserve_rooms > select rr.unique_key,r.* from reserve_rooms rr inner join rooms r on rr.room_key = r.id where unique_key=''  
2017-03-08 21:30:04 [WARN] get_reserve_options > select r.unique_key,o.* from reserve_options r inner join service_options o on r.option_key = o.id where unique_key='' 
2017-03-08 21:31:40 [WARN] cancel_reserve > update reserve_info set reserve_status='2' and update_date='now()'  where unique_key=' and email='' ; 
2017-03-08 21:32:26 [WARN] cancel_reserve > update reserve_info set reserve_status='2' and update_date='now()'  where unique_key='slfjslj31231 and email='test@hotmail.com' ; 
2017-03-08 21:33:22 [WARN] cancel_reserve > update reserve_info set reserve_status='2', update_date='now()'  where unique_key='slfjslj31231' and email='test@hotmail.com' ; 
2017-03-08 21:40:14 [WARN] verify_cancel > select count(0) as found from reserve_info where unique_key='slfjslj31231' and email='test@hotmail.com' 
2017-03-08 21:40:35 [WARN] verify_cancel > select count(0) as found from reserve_info where unique_key='slfjslj31231' and email='test@hotmail.com' 
2017-03-08 21:41:02 [WARN] verify_cancel > select count(0) as found from reserve_info where unique_key='slfjslj31231' and email='test@hotmail.com' 
2017-03-08 21:41:22 [WARN] verify_cancel > select count(0) as found from reserve_info where unique_key='slfjslj31231' and email='test@hotmail.com' 
2017-03-08 21:41:28 [WARN] verify_cancel > select count(0) as found from reserve_info where unique_key='slfjslj31231' and email='test@hotmail.com' 
2017-03-08 21:41:45 [WARN] verify_cancel > select count(0) as found from reserve_info where unique_key='slfjslj31231' and email='test@hotmail.com' 
2017-03-08 21:41:53 [WARN] verify_cancel > select count(0) as found from reserve_info where unique_key='slfjslj31231' and email='test@hotmail.com' 
2017-03-08 21:43:08 [WARN] verify_cancel > select count(0) as found from reserve_info where unique_key='slfjslj31231' and email='test@hotmail.com' 
2017-03-08 21:43:16 [WARN] verify_cancel > select count(0) as found from reserve_info where unique_key='slfjslj31231' and email='test@hotmail.com' 
2017-03-08 21:43:24 [WARN] verify_cancel > select count(0) as found from reserve_info where unique_key='slfjslj31231' and email='test@hotmail.com' 
2017-03-08 21:43:30 [WARN] verify_cancel > select count(0) as found from reserve_info where unique_key='slfjslj31231' and email='test@hotmail.com' 
2017-03-08 21:43:42 [WARN] verify_cancel > select count(0) as found from reserve_info where unique_key='slfjslj31231' and email='test@hotmail.com' 
2017-03-08 21:43:57 [WARN] verify_cancel > select count(0) as found from reserve_info where unique_key='slfjslj31231' and email='test@hotmail.com' 
2017-03-08 21:44:24 [WARN] verify_cancel > select count(0) as found from reserve_info where unique_key='slfjslj31231' and email='test@hotmail.com' 
2017-03-08 21:44:41 [WARN] verify_cancel > select count(0) as found from reserve_info where unique_key='slfjslj31231' and email='test@hotmail.com' 
2017-03-08 21:45:10 [WARN] verify_cancel > select count(0) as found from reserve_info where unique_key='slfjslj31231' and email='test@hotmail.com' 
2017-03-08 21:45:47 [WARN] verify_cancel > select count(0) as found from reserve_info where unique_key='slfjslj31231' and email='test@hotmail.com' 
2017-03-08 21:47:26 [WARN] verify_cancel > select count(0) as found from reserve_info where unique_key='slfjslj31231' and email='test@hotmail.com' 
2017-03-08 21:47:43 [WARN] verify_cancel > select count(0) as found from reserve_info where unique_key='slfjslj31231' and email='test@hotmail.com' 
2017-03-08 21:48:36 [WARN] verify_cancel > select count(0) as found from reserve_info where unique_key='slfjslj31231' and email='test@hotmail.com' 
2017-03-08 21:48:38 [WARN] verify_cancel > select count(0) as found from reserve_info where unique_key='slfjslj31231' and email='test@hotmail.com' 
2017-03-08 21:49:00 [WARN] verify_cancel > select count(0) as found from reserve_info where unique_key='slfjslj31231' and email='test@hotmail.com' 
2017-03-08 21:50:03 [WARN] verify_cancel > select count(0) as found from reserve_info where unique_key='' and email='' 
2017-03-08 21:50:08 [WARN] verify_cancel > select count(0) as found from reserve_info where unique_key='' and email='' 
2017-03-08 21:51:14 [WARN] verify_cancel > select count(0) as found from reserve_info where unique_key='ujB3vibSAgpiKQZGr78R' and email='test@mail.com' 
2017-03-08 21:51:14 [WARN] cancel_reserve > update reserve_info set reserve_status='2', update_date='now()'  where unique_key='ujB3vibSAgpiKQZGr78R' and email='test@mail.com' ; 
2017-03-08 21:51:15 [WARN] get_reserve_rooms > select rr.unique_key,r.* from reserve_rooms rr inner join rooms r on rr.room_key = r.id where unique_key='ujB3vibSAgpiKQZGr78R'  
2017-03-08 21:51:15 [WARN] get_reserve_options > select r.unique_key,o.* from reserve_options r inner join service_options o on r.option_key = o.id where unique_key='ujB3vibSAgpiKQZGr78R' 
2017-03-08 21:53:40 [WARN] verify_cancel > select count(0) as found from reserve_info where unique_key='CGBcLDywRxLblwp1dben' and email='test@mail.com' 
2017-03-08 21:53:40 [WARN] cancel_reserve > update reserve_info set reserve_status='2', update_date='now()'  where unique_key='CGBcLDywRxLblwp1dben' and email='test@mail.com' ; 
2017-03-08 21:53:41 [WARN] get_reserve_rooms > select rr.unique_key,r.* from reserve_rooms rr inner join rooms r on rr.room_key = r.id where unique_key='CGBcLDywRxLblwp1dben'  
2017-03-08 21:53:41 [WARN] get_reserve_options > select r.unique_key,o.* from reserve_options r inner join service_options o on r.option_key = o.id where unique_key='CGBcLDywRxLblwp1dben' 
2017-03-08 21:54:38 [WARN] get_reserve_rooms > select rr.unique_key,r.* from reserve_rooms rr inner join rooms r on rr.room_key = r.id where unique_key='CGBcLDywRxLblwp1dben'  
2017-03-08 21:54:38 [WARN] get_reserve_options > select r.unique_key,o.* from reserve_options r inner join service_options o on r.option_key = o.id where unique_key='CGBcLDywRxLblwp1dben' 
2017-03-08 21:57:02 [WARN] verify_cancel > select count(0) as found from reserve_info where unique_key='UAr6qkKwdwovgL4o1710' and email='test@mail.com' 
2017-03-08 21:57:02 [WARN] cancel_reserve > update reserve_info set reserve_status='2', update_date='now()'  where unique_key='UAr6qkKwdwovgL4o1710' and email='test@mail.com' ; 
2017-03-08 21:57:06 [WARN] get_reserve_rooms > select rr.unique_key,r.* from reserve_rooms rr inner join rooms r on rr.room_key = r.id where unique_key='UAr6qkKwdwovgL4o1710'  
2017-03-08 21:57:06 [WARN] get_reserve_options > select r.unique_key,o.* from reserve_options r inner join service_options o on r.option_key = o.id where unique_key='UAr6qkKwdwovgL4o1710' 
